2025-03-26 04:53:48,541 - __main__ - INFO - Parsed arguments and loaded configuration.
2025-03-26 04:53:48,541 - __main__ - INFO - Ensured output directory exists at: distributive_profiles
2025-03-26 04:56:42,069 - __main__ - INFO - Parsed arguments and loaded configuration.
2025-03-26 04:56:42,069 - __main__ - INFO - Ensured output directory exists at: distributive_profiles
2025-03-26 04:57:17,763 - __main__ - INFO - Parsed arguments and loaded configuration.
2025-03-26 04:57:17,764 - __main__ - INFO - Ensured output directory exists at: distributive_profiles
2025-03-26 05:00:50,753 - __main__ - INFO - Parsed arguments and loaded configuration.
2025-03-26 05:00:50,753 - __main__ - INFO - Ensured output directory exists at: distributive_profiles
2025-03-26 05:05:26,982 - __main__ - INFO - Parsed arguments and loaded configuration.
2025-03-26 05:05:26,982 - __main__ - INFO - Ensured output directory exists at: distributive_profiles
2025-03-26 05:06:29,867 - __main__ - INFO - Parsed arguments and loaded configuration.
2025-03-26 05:06:29,867 - __main__ - INFO - Ensured output directory exists at: distributive_profiles
2025-03-26 05:11:17,032 - __main__ - INFO - Parsed arguments and loaded configuration.
2025-03-26 05:11:17,032 - __main__ - INFO - Ensured output directory exists at: distributive_profiles
2025-03-26 05:11:38,709 - __main__ - INFO - Parsed arguments and loaded configuration.
2025-03-26 05:11:38,709 - __main__ - INFO - Ensured output directory exists at: distributive_profiles
2025-03-26 05:12:01,526 - __main__ - INFO - Parsed arguments and loaded configuration.
2025-03-26 05:12:01,526 - __main__ - INFO - Ensured output directory exists at: distributive_profiles
2025-03-26 05:12:54,159 - __main__ - INFO - Parsed arguments and loaded configuration.
2025-03-26 05:12:54,159 - __main__ - INFO - Ensured output directory exists at: distributive_profiles
2025-03-26 05:14:38,876 - __main__ - INFO - Parsed arguments and loaded configuration.
2025-03-26 05:14:38,876 - __main__ - INFO - Ensured output directory exists at: distributive_profiles
2025-03-26 05:16:00,309 - __main__ - INFO - Parsed arguments and loaded configuration.
2025-03-26 05:16:00,309 - __main__ - INFO - Ensured output directory exists at: distributive_profiles
2025-03-26 05:16:00,507 - __main__ - INFO - Loaded measurement data with 1 genes.
2025-03-26 05:17:15,718 - __main__ - INFO - Parsed arguments and loaded configuration.
2025-03-26 05:17:15,719 - __main__ - INFO - Ensured output directory exists at: distributive_profiles
2025-03-26 05:17:15,816 - __main__ - INFO - Loaded measurement data with 1 genes.
2025-03-26 05:22:37,329 - __main__ - INFO - Parsed arguments and loaded configuration.
2025-03-26 05:22:37,329 - __main__ - INFO - Ensured output directory exists at: distributive_profiles
2025-03-26 05:22:37,428 - __main__ - INFO - Loaded measurement data with 1 genes.
2025-03-26 05:25:07,130 - __main__ - INFO - Parsed arguments and loaded configuration.
2025-03-26 05:25:07,130 - __main__ - INFO - Ensured output directory exists at: distributive_profiles
2025-03-26 05:25:07,236 - __main__ - INFO - Loaded measurement data with 1 genes.
2025-03-26 05:33:50,919 - __main__ - INFO - Parsed arguments and loaded configuration.
2025-03-26 05:33:50,919 - __main__ - INFO - Ensured output directory exists at: distributive_profiles
2025-03-26 05:33:51,023 - __main__ - INFO - Loaded measurement data with 1 genes.
2025-03-26 05:35:49,389 - __main__ - INFO - Parsed arguments and loaded configuration.
2025-03-26 05:35:49,389 - __main__ - INFO - Ensured output directory exists at: distributive_profiles
2025-03-26 05:35:49,562 - __main__ - INFO - Loaded measurement data with 1 genes.
2025-03-26 05:35:50,822 - estimation - WARNING - Fit failed with residual: `sigma` has incorrect shape.
2025-03-26 05:35:50,830 - estimation - INFO - [ABL2] Time index 1: best weight = inverse_data
2025-03-26 05:35:51,600 - estimation - WARNING - Fit failed with residual: `sigma` has incorrect shape.
2025-03-26 05:35:52,058 - estimation - INFO - [ABL2] Time index 2: best weight = early_emphasis_moderate
2025-03-26 05:35:52,238 - estimation - WARNING - Fit failed with residual: `sigma` has incorrect shape.
2025-03-26 05:35:52,816 - estimation - INFO - [ABL2] Time index 3: best weight = early_emphasis_moderate
2025-03-26 05:35:53,056 - estimation - WARNING - Fit failed with residual: `sigma` has incorrect shape.
2025-03-26 05:35:53,995 - estimation - INFO - [ABL2] Time index 4: best weight = early_emphasis_moderate
2025-03-26 05:35:54,647 - estimation - WARNING - Fit failed with residual: `sigma` has incorrect shape.
2025-03-26 05:35:56,016 - estimation - INFO - [ABL2] Time index 5: best weight = early_emphasis_moderate
2025-03-26 05:35:56,420 - estimation - WARNING - Fit failed with residual: `sigma` has incorrect shape.
2025-03-26 05:35:58,749 - estimation - INFO - [ABL2] Time index 6: best weight = early_emphasis_moderate
2025-03-26 05:35:59,107 - estimation - WARNING - Fit failed with residual: `sigma` has incorrect shape.
2025-03-26 05:36:00,809 - estimation - INFO - [ABL2] Time index 7: best weight = residual
2025-03-26 05:36:01,272 - estimation - WARNING - Fit failed with residual: `sigma` has incorrect shape.
2025-03-26 05:36:02,585 - estimation - INFO - [ABL2] Time index 8: best weight = early_emphasis_moderate
2025-03-26 05:36:03,294 - estimation - WARNING - Fit failed with residual: `sigma` has incorrect shape.
2025-03-26 05:36:05,350 - estimation - INFO - [ABL2] Time index 9: best weight = residual
2025-03-26 05:36:06,046 - estimation - WARNING - Fit failed with residual: `sigma` has incorrect shape.
2025-03-26 05:36:08,063 - estimation - INFO - [ABL2] Time index 10: best weight = residual
2025-03-26 05:36:08,621 - estimation - WARNING - Fit failed with residual: `sigma` has incorrect shape.
2025-03-26 05:36:10,414 - estimation - INFO - [ABL2] Time index 11: best weight = residual
2025-03-26 05:36:10,848 - estimation - WARNING - Fit failed with residual: `sigma` has incorrect shape.
2025-03-26 05:36:12,903 - estimation - INFO - [ABL2] Time index 12: best weight = residual
2025-03-26 05:36:13,183 - estimation - WARNING - Fit failed with residual: `sigma` has incorrect shape.
2025-03-26 05:36:15,060 - estimation - INFO - [ABL2] Time index 13: best weight = residual
2025-03-26 05:36:15,545 - estimation - WARNING - Fit failed with residual: `sigma` has incorrect shape.
2025-03-26 05:36:17,425 - estimation - INFO - [ABL2] Time index 14: best weight = residual
2025-03-26 05:44:54,461 - __main__ - INFO - Parsed arguments and loaded configuration.
2025-03-26 05:44:54,462 - __main__ - INFO - Ensured output directory exists at: distributive_profiles
2025-03-26 05:44:54,563 - __main__ - INFO - Loaded measurement data with 1 genes.
2025-03-26 05:44:55,513 - estimation - WARNING - Fit failed with residual: `sigma` has incorrect shape.
2025-03-26 05:44:55,520 - estimation - INFO - 
[ABL2] Time index 1: best weight = inverse_data
2025-03-26 05:44:56,271 - estimation - WARNING - Fit failed with residual: `sigma` has incorrect shape.
2025-03-26 05:44:56,718 - estimation - INFO - 
[ABL2] Time index 2: best weight = early_emphasis_moderate
2025-03-26 05:44:56,897 - estimation - WARNING - Fit failed with residual: `sigma` has incorrect shape.
2025-03-26 05:44:57,471 - estimation - INFO - 
[ABL2] Time index 3: best weight = early_emphasis_moderate
2025-03-26 05:44:57,705 - estimation - WARNING - Fit failed with residual: `sigma` has incorrect shape.
2025-03-26 05:44:58,635 - estimation - INFO - 
[ABL2] Time index 4: best weight = early_emphasis_moderate
2025-03-26 05:44:59,282 - estimation - WARNING - Fit failed with residual: `sigma` has incorrect shape.
2025-03-26 05:45:00,642 - estimation - INFO - 
[ABL2] Time index 5: best weight = early_emphasis_moderate
2025-03-26 05:45:01,043 - estimation - WARNING - Fit failed with residual: `sigma` has incorrect shape.
2025-03-26 05:45:03,360 - estimation - INFO - 
[ABL2] Time index 6: best weight = early_emphasis_moderate
2025-03-26 05:45:03,712 - estimation - WARNING - Fit failed with residual: `sigma` has incorrect shape.
2025-03-26 05:45:05,417 - estimation - INFO - 
[ABL2] Time index 7: best weight = residual
2025-03-26 05:45:05,874 - estimation - WARNING - Fit failed with residual: `sigma` has incorrect shape.
2025-03-26 05:45:07,215 - estimation - INFO - 
[ABL2] Time index 8: best weight = early_emphasis_moderate
2025-03-26 05:45:07,893 - estimation - WARNING - Fit failed with residual: `sigma` has incorrect shape.
2025-03-26 05:45:09,988 - estimation - INFO - 
[ABL2] Time index 9: best weight = residual
2025-03-26 05:45:10,693 - estimation - WARNING - Fit failed with residual: `sigma` has incorrect shape.
2025-03-26 05:45:12,571 - estimation - INFO - 
[ABL2] Time index 10: best weight = residual
2025-03-26 05:45:12,931 - estimation - WARNING - Fit failed with residual: `sigma` has incorrect shape.
2025-03-26 05:45:14,713 - estimation - INFO - 
[ABL2] Time index 11: best weight = residual
2025-03-26 05:45:15,146 - estimation - WARNING - Fit failed with residual: `sigma` has incorrect shape.
2025-03-26 05:45:17,166 - estimation - INFO - 
[ABL2] Time index 12: best weight = residual
2025-03-26 05:45:17,436 - estimation - WARNING - Fit failed with residual: `sigma` has incorrect shape.
2025-03-26 05:45:19,305 - estimation - INFO - 
[ABL2] Time index 13: best weight = residual
2025-03-26 05:45:19,759 - estimation - WARNING - Fit failed with residual: `sigma` has incorrect shape.
2025-03-26 05:45:21,578 - estimation - INFO - 
[ABL2] Time index 14: best weight = residual
2025-03-26 05:50:29,947 - __main__ - INFO - Parsed arguments and loaded configuration.
2025-03-26 05:50:29,948 - __main__ - INFO - Ensured output directory exists at: distributive_profiles
2025-03-26 05:50:30,048 - __main__ - INFO - Loaded measurement data with 1 genes.
2025-03-26 05:53:31,340 - __main__ - INFO - Parsed arguments and loaded configuration.
2025-03-26 05:53:31,340 - __main__ - INFO - Ensured output directory exists at: distributive_profiles
2025-03-26 05:53:31,457 - __main__ - INFO - Loaded measurement data with 1 genes.
2025-03-26 05:54:42,710 - __main__ - INFO - Parsed arguments and loaded configuration.
2025-03-26 05:54:42,710 - __main__ - INFO - Ensured output directory exists at: distributive_profiles
2025-03-26 05:54:42,809 - __main__ - INFO - Loaded measurement data with 1 genes.
2025-03-26 05:57:03,244 - __main__ - INFO - Parsed arguments and loaded configuration.
2025-03-26 05:57:03,244 - __main__ - INFO - Ensured output directory exists at: distributive_profiles
2025-03-26 05:57:03,342 - __main__ - INFO - Loaded measurement data with 1 genes.
2025-03-26 05:57:03,398 - estimation - WARNING - 
Initial fit failed at time index 1 for gene ABL2: operands could not be broadcast together with shapes (10,) (3,) 
2025-03-26 05:57:04,225 - estimation - WARNING - Fit failed with inverse_data: operands could not be broadcast together with shapes (10,) (3,) 
2025-03-26 06:01:12,141 - __main__ - INFO - Parsed arguments and loaded configuration.
2025-03-26 06:01:12,142 - __main__ - INFO - Ensured output directory exists at: distributive_profiles
2025-03-26 06:01:12,241 - __main__ - INFO - Loaded measurement data with 1 genes.
2025-03-26 06:01:12,296 - estimation - WARNING - [ABL2] Skipping time index 1 — data (3) too short for reg (7).
2025-03-26 06:01:12,296 - estimation - WARNING - [ABL2] Skipping time index 2 — data (6) too short for reg (7).
2025-03-26 06:01:13,541 - estimation - WARNING - Fit failed with inverse_data at t_idx=3: `sigma` has incorrect shape.
2025-03-26 06:01:13,541 - estimation - WARNING - Fit failed with residual at t_idx=3: `sigma` has incorrect shape.
2025-03-26 06:01:13,541 - estimation - WARNING - Fit failed with exp_decay at t_idx=3: `sigma` has incorrect shape.
2025-03-26 06:01:13,541 - estimation - WARNING - Fit failed with log_scale at t_idx=3: `sigma` has incorrect shape.
2025-03-26 06:01:13,541 - estimation - WARNING - Fit failed with time_diff at t_idx=3: `sigma` has incorrect shape.
2025-03-26 06:01:13,542 - estimation - WARNING - Fit failed with early_emphasis_moderate at t_idx=3: `sigma` has incorrect shape.
2025-03-26 06:01:13,542 - estimation - WARNING - Fit failed with early_emphasis_steep_decay at t_idx=3: `sigma` has incorrect shape.
2025-03-26 06:01:13,542 - estimation - WARNING - Fit failed with custom_early_points_emphasis at t_idx=3: `sigma` has incorrect shape.
2025-03-26 06:01:13,542 - estimation - WARNING - No valid fit found at time index 3 for gene ABL2.
2025-03-26 06:01:13,673 - estimation - WARNING - Fit failed with inverse_data at t_idx=4: `sigma` has incorrect shape.
2025-03-26 06:01:13,674 - estimation - WARNING - Fit failed with residual at t_idx=4: `sigma` has incorrect shape.
2025-03-26 06:01:13,674 - estimation - WARNING - Fit failed with exp_decay at t_idx=4: `sigma` has incorrect shape.
2025-03-26 06:01:13,674 - estimation - WARNING - Fit failed with log_scale at t_idx=4: `sigma` has incorrect shape.
2025-03-26 06:01:13,674 - estimation - WARNING - Fit failed with time_diff at t_idx=4: `sigma` has incorrect shape.
2025-03-26 06:01:13,674 - estimation - WARNING - Fit failed with early_emphasis_moderate at t_idx=4: `sigma` has incorrect shape.
2025-03-26 06:01:13,674 - estimation - WARNING - Fit failed with custom_early_points_emphasis at t_idx=4: `sigma` has incorrect shape.
2025-03-26 06:01:13,674 - estimation - WARNING - No valid fit found at time index 4 for gene ABL2.
2025-03-26 06:01:14,053 - estimation - WARNING - Fit failed with inverse_data at t_idx=5: `sigma` has incorrect shape.
2025-03-26 06:01:14,053 - estimation - WARNING - Fit failed with residual at t_idx=5: `sigma` has incorrect shape.
2025-03-26 06:01:14,053 - estimation - WARNING - Fit failed with exp_decay at t_idx=5: `sigma` has incorrect shape.
2025-03-26 06:01:14,053 - estimation - WARNING - Fit failed with log_scale at t_idx=5: `sigma` has incorrect shape.
2025-03-26 06:01:14,053 - estimation - WARNING - Fit failed with time_diff at t_idx=5: `sigma` has incorrect shape.
2025-03-26 06:01:14,053 - estimation - WARNING - Fit failed with early_emphasis_moderate at t_idx=5: `sigma` has incorrect shape.
2025-03-26 06:01:14,053 - estimation - WARNING - Fit failed with custom_early_points_emphasis at t_idx=5: `sigma` has incorrect shape.
2025-03-26 06:01:14,054 - estimation - WARNING - No valid fit found at time index 5 for gene ABL2.
2025-03-26 06:01:14,390 - estimation - WARNING - Fit failed with inverse_data at t_idx=6: `sigma` has incorrect shape.
2025-03-26 06:01:14,391 - estimation - WARNING - Fit failed with residual at t_idx=6: `sigma` has incorrect shape.
2025-03-26 06:01:14,391 - estimation - WARNING - Fit failed with exp_decay at t_idx=6: `sigma` has incorrect shape.
2025-03-26 06:01:14,391 - estimation - WARNING - Fit failed with log_scale at t_idx=6: `sigma` has incorrect shape.
2025-03-26 06:01:14,391 - estimation - WARNING - Fit failed with time_diff at t_idx=6: `sigma` has incorrect shape.
2025-03-26 06:01:14,391 - estimation - WARNING - Fit failed with early_emphasis_moderate at t_idx=6: `sigma` has incorrect shape.
2025-03-26 06:01:14,391 - estimation - WARNING - Fit failed with custom_early_points_emphasis at t_idx=6: `sigma` has incorrect shape.
2025-03-26 06:01:14,391 - estimation - WARNING - No valid fit found at time index 6 for gene ABL2.
2025-03-26 06:01:14,747 - estimation - WARNING - Fit failed with inverse_data at t_idx=7: `sigma` has incorrect shape.
2025-03-26 06:01:14,747 - estimation - WARNING - Fit failed with residual at t_idx=7: `sigma` has incorrect shape.
2025-03-26 06:01:14,747 - estimation - WARNING - Fit failed with exp_decay at t_idx=7: `sigma` has incorrect shape.
2025-03-26 06:01:14,747 - estimation - WARNING - Fit failed with log_scale at t_idx=7: `sigma` has incorrect shape.
2025-03-26 06:01:14,747 - estimation - WARNING - Fit failed with time_diff at t_idx=7: `sigma` has incorrect shape.
2025-03-26 06:01:14,747 - estimation - WARNING - Fit failed with early_emphasis_moderate at t_idx=7: `sigma` has incorrect shape.
2025-03-26 06:01:14,747 - estimation - WARNING - Fit failed with custom_early_points_emphasis at t_idx=7: `sigma` has incorrect shape.
2025-03-26 06:01:14,747 - estimation - WARNING - No valid fit found at time index 7 for gene ABL2.
2025-03-26 06:01:14,977 - estimation - WARNING - Fit failed with inverse_data at t_idx=8: `sigma` has incorrect shape.
2025-03-26 06:01:14,978 - estimation - WARNING - Fit failed with residual at t_idx=8: `sigma` has incorrect shape.
2025-03-26 06:01:14,978 - estimation - WARNING - Fit failed with exp_decay at t_idx=8: `sigma` has incorrect shape.
2025-03-26 06:01:14,978 - estimation - WARNING - Fit failed with log_scale at t_idx=8: `sigma` has incorrect shape.
2025-03-26 06:01:14,978 - estimation - WARNING - Fit failed with time_diff at t_idx=8: `sigma` has incorrect shape.
2025-03-26 06:01:14,978 - estimation - WARNING - Fit failed with early_emphasis_moderate at t_idx=8: `sigma` has incorrect shape.
2025-03-26 06:01:14,978 - estimation - WARNING - Fit failed with custom_early_points_emphasis at t_idx=8: `sigma` has incorrect shape.
2025-03-26 06:01:14,978 - estimation - WARNING - No valid fit found at time index 8 for gene ABL2.
2025-03-26 06:01:15,353 - estimation - WARNING - Fit failed with inverse_data at t_idx=9: `sigma` has incorrect shape.
2025-03-26 06:01:15,354 - estimation - WARNING - Fit failed with residual at t_idx=9: `sigma` has incorrect shape.
2025-03-26 06:01:15,354 - estimation - WARNING - Fit failed with exp_decay at t_idx=9: `sigma` has incorrect shape.
2025-03-26 06:01:15,354 - estimation - WARNING - Fit failed with log_scale at t_idx=9: `sigma` has incorrect shape.
2025-03-26 06:01:15,354 - estimation - WARNING - Fit failed with time_diff at t_idx=9: `sigma` has incorrect shape.
2025-03-26 06:01:15,354 - estimation - WARNING - Fit failed with early_emphasis_moderate at t_idx=9: `sigma` has incorrect shape.
2025-03-26 06:01:15,354 - estimation - WARNING - Fit failed with custom_early_points_emphasis at t_idx=9: `sigma` has incorrect shape.
2025-03-26 06:01:15,354 - estimation - WARNING - No valid fit found at time index 9 for gene ABL2.
2025-03-26 06:01:15,630 - estimation - WARNING - Fit failed with inverse_data at t_idx=10: `sigma` has incorrect shape.
2025-03-26 06:01:15,630 - estimation - WARNING - Fit failed with residual at t_idx=10: `sigma` has incorrect shape.
2025-03-26 06:01:15,630 - estimation - WARNING - Fit failed with exp_decay at t_idx=10: `sigma` has incorrect shape.
2025-03-26 06:01:15,631 - estimation - WARNING - Fit failed with log_scale at t_idx=10: `sigma` has incorrect shape.
2025-03-26 06:01:15,631 - estimation - WARNING - Fit failed with time_diff at t_idx=10: `sigma` has incorrect shape.
2025-03-26 06:01:15,631 - estimation - WARNING - Fit failed with early_emphasis_moderate at t_idx=10: `sigma` has incorrect shape.
2025-03-26 06:01:15,631 - estimation - WARNING - Fit failed with custom_early_points_emphasis at t_idx=10: `sigma` has incorrect shape.
2025-03-26 06:01:15,631 - estimation - WARNING - No valid fit found at time index 10 for gene ABL2.
2025-03-26 06:01:16,043 - estimation - WARNING - Fit failed with inverse_data at t_idx=11: `sigma` has incorrect shape.
2025-03-26 06:01:16,043 - estimation - WARNING - Fit failed with residual at t_idx=11: `sigma` has incorrect shape.
2025-03-26 06:01:16,043 - estimation - WARNING - Fit failed with exp_decay at t_idx=11: `sigma` has incorrect shape.
2025-03-26 06:01:16,043 - estimation - WARNING - Fit failed with log_scale at t_idx=11: `sigma` has incorrect shape.
2025-03-26 06:01:16,043 - estimation - WARNING - Fit failed with time_diff at t_idx=11: `sigma` has incorrect shape.
2025-03-26 06:01:16,043 - estimation - WARNING - Fit failed with early_emphasis_moderate at t_idx=11: `sigma` has incorrect shape.
2025-03-26 06:01:16,043 - estimation - WARNING - Fit failed with custom_early_points_emphasis at t_idx=11: `sigma` has incorrect shape.
2025-03-26 06:01:16,043 - estimation - WARNING - No valid fit found at time index 11 for gene ABL2.
2025-03-26 06:01:16,399 - estimation - WARNING - Fit failed with inverse_data at t_idx=12: `sigma` has incorrect shape.
2025-03-26 06:01:16,399 - estimation - WARNING - Fit failed with residual at t_idx=12: `sigma` has incorrect shape.
2025-03-26 06:01:16,399 - estimation - WARNING - Fit failed with exp_decay at t_idx=12: `sigma` has incorrect shape.
2025-03-26 06:01:16,399 - estimation - WARNING - Fit failed with log_scale at t_idx=12: `sigma` has incorrect shape.
2025-03-26 06:01:16,399 - estimation - WARNING - Fit failed with time_diff at t_idx=12: `sigma` has incorrect shape.
2025-03-26 06:01:16,399 - estimation - WARNING - Fit failed with early_emphasis_moderate at t_idx=12: `sigma` has incorrect shape.
2025-03-26 06:01:16,400 - estimation - WARNING - Fit failed with custom_early_points_emphasis at t_idx=12: `sigma` has incorrect shape.
2025-03-26 06:01:16,400 - estimation - WARNING - No valid fit found at time index 12 for gene ABL2.
2025-03-26 06:01:16,798 - estimation - WARNING - Fit failed with inverse_data at t_idx=13: `sigma` has incorrect shape.
2025-03-26 06:01:16,798 - estimation - WARNING - Fit failed with residual at t_idx=13: `sigma` has incorrect shape.
2025-03-26 06:01:16,799 - estimation - WARNING - Fit failed with exp_decay at t_idx=13: `sigma` has incorrect shape.
2025-03-26 06:01:16,799 - estimation - WARNING - Fit failed with log_scale at t_idx=13: `sigma` has incorrect shape.
2025-03-26 06:01:16,799 - estimation - WARNING - Fit failed with time_diff at t_idx=13: `sigma` has incorrect shape.
2025-03-26 06:01:16,799 - estimation - WARNING - Fit failed with early_emphasis_moderate at t_idx=13: `sigma` has incorrect shape.
2025-03-26 06:01:16,799 - estimation - WARNING - Fit failed with custom_early_points_emphasis at t_idx=13: `sigma` has incorrect shape.
2025-03-26 06:01:16,799 - estimation - WARNING - No valid fit found at time index 13 for gene ABL2.
2025-03-26 06:01:17,220 - estimation - WARNING - Fit failed with inverse_data at t_idx=14: `sigma` has incorrect shape.
2025-03-26 06:01:17,220 - estimation - WARNING - Fit failed with residual at t_idx=14: `sigma` has incorrect shape.
2025-03-26 06:01:17,220 - estimation - WARNING - Fit failed with exp_decay at t_idx=14: `sigma` has incorrect shape.
2025-03-26 06:01:17,220 - estimation - WARNING - Fit failed with log_scale at t_idx=14: `sigma` has incorrect shape.
2025-03-26 06:01:17,221 - estimation - WARNING - Fit failed with time_diff at t_idx=14: `sigma` has incorrect shape.
2025-03-26 06:01:17,222 - estimation - WARNING - Fit failed with early_emphasis_moderate at t_idx=14: `sigma` has incorrect shape.
2025-03-26 06:01:17,222 - estimation - WARNING - Fit failed with custom_early_points_emphasis at t_idx=14: `sigma` has incorrect shape.
2025-03-26 06:01:17,222 - estimation - WARNING - No valid fit found at time index 14 for gene ABL2.
2025-03-26 06:06:55,084 - __main__ - INFO - Parsed arguments and loaded configuration.
2025-03-26 06:06:55,085 - __main__ - INFO - Ensured output directory exists at: distributive_profiles
2025-03-26 06:06:55,188 - __main__ - INFO - Loaded measurement data with 1 genes.
2025-03-26 06:08:45,585 - __main__ - INFO - Parsed arguments and loaded configuration.
2025-03-26 06:08:45,585 - __main__ - INFO - Ensured output directory exists at: distributive_profiles
2025-03-26 06:08:45,685 - __main__ - INFO - Loaded measurement data with 1 genes.
2025-03-26 06:09:12,437 - __main__ - INFO - Parsed arguments and loaded configuration.
2025-03-26 06:09:12,437 - __main__ - INFO - Ensured output directory exists at: distributive_profiles
2025-03-26 06:09:12,536 - __main__ - INFO - Loaded measurement data with 1 genes.
2025-03-26 06:09:26,524 - __main__ - INFO - Parsed arguments and loaded configuration.
2025-03-26 06:09:26,524 - __main__ - INFO - Ensured output directory exists at: distributive_profiles
2025-03-26 06:09:26,622 - __main__ - INFO - Loaded measurement data with 1 genes.
2025-03-26 06:10:13,510 - __main__ - INFO - Parsed arguments and loaded configuration.
2025-03-26 06:10:13,510 - __main__ - INFO - Ensured output directory exists at: distributive_profiles
2025-03-26 06:10:13,612 - __main__ - INFO - Loaded measurement data with 1 genes.
2025-03-26 06:10:14,510 - estimation - WARNING - Fit failed with residual: `sigma` has incorrect shape.
2025-03-26 06:10:14,518 - estimation - INFO - [ABL2] Time index 1: best weight = inverse_data
2025-03-26 06:10:15,287 - estimation - WARNING - Fit failed with residual: `sigma` has incorrect shape.
2025-03-26 06:10:15,754 - estimation - INFO - [ABL2] Time index 2: best weight = early_emphasis_moderate
2025-03-26 06:10:15,933 - estimation - WARNING - Fit failed with residual: `sigma` has incorrect shape.
2025-03-26 06:10:16,505 - estimation - INFO - [ABL2] Time index 3: best weight = early_emphasis_moderate
2025-03-26 06:10:16,750 - estimation - WARNING - Fit failed with residual: `sigma` has incorrect shape.
2025-03-26 06:10:17,693 - estimation - INFO - [ABL2] Time index 4: best weight = early_emphasis_moderate
2025-03-26 06:10:18,332 - estimation - WARNING - Fit failed with residual: `sigma` has incorrect shape.
2025-03-26 06:10:19,705 - estimation - INFO - [ABL2] Time index 5: best weight = early_emphasis_moderate
2025-03-26 06:10:20,131 - estimation - WARNING - Fit failed with residual: `sigma` has incorrect shape.
2025-03-26 06:10:22,464 - estimation - INFO - [ABL2] Time index 6: best weight = early_emphasis_moderate
2025-03-26 06:10:22,817 - estimation - WARNING - Fit failed with residual: `sigma` has incorrect shape.
2025-03-26 06:10:24,561 - estimation - INFO - [ABL2] Time index 7: best weight = residual
2025-03-26 06:10:25,045 - estimation - WARNING - Fit failed with residual: `sigma` has incorrect shape.
2025-03-26 06:10:26,469 - estimation - INFO - [ABL2] Time index 8: best weight = early_emphasis_moderate
2025-03-26 06:10:27,175 - estimation - WARNING - Fit failed with residual: `sigma` has incorrect shape.
2025-03-26 06:10:29,290 - estimation - INFO - [ABL2] Time index 9: best weight = residual
2025-03-26 06:10:29,993 - estimation - WARNING - Fit failed with residual: `sigma` has incorrect shape.
2025-03-26 06:10:31,926 - estimation - INFO - [ABL2] Time index 10: best weight = residual
2025-03-26 06:10:32,293 - estimation - WARNING - Fit failed with residual: `sigma` has incorrect shape.
2025-03-26 06:10:34,102 - estimation - INFO - [ABL2] Time index 11: best weight = residual
2025-03-26 06:10:34,536 - estimation - WARNING - Fit failed with residual: `sigma` has incorrect shape.
2025-03-26 06:10:36,591 - estimation - INFO - [ABL2] Time index 12: best weight = residual
2025-03-26 06:10:36,866 - estimation - WARNING - Fit failed with residual: `sigma` has incorrect shape.
2025-03-26 06:10:38,844 - estimation - INFO - [ABL2] Time index 13: best weight = residual
2025-03-26 06:10:39,307 - estimation - WARNING - Fit failed with residual: `sigma` has incorrect shape.
2025-03-26 06:10:41,149 - estimation - INFO - [ABL2] Time index 14: best weight = residual
2025-03-26 06:13:39,272 - __main__ - INFO - Parsed arguments and loaded configuration.
2025-03-26 06:13:39,273 - __main__ - INFO - Ensured output directory exists at: distributive_profiles
2025-03-26 06:13:39,383 - __main__ - INFO - Loaded measurement data with 1 genes.
2025-03-26 06:13:40,342 - estimation - WARNING - Fit failed with residual: `sigma` has incorrect shape.
2025-03-26 06:13:40,349 - estimation - INFO - [ABL2] Time index 1: best weight = inverse_data
2025-03-26 06:13:41,143 - estimation - WARNING - Fit failed with residual: `sigma` has incorrect shape.
2025-03-26 06:13:41,651 - estimation - INFO - [ABL2] Time index 2: best weight = early_emphasis_moderate
2025-03-26 06:13:41,846 - estimation - WARNING - Fit failed with residual: `sigma` has incorrect shape.
2025-03-26 06:13:42,440 - estimation - INFO - [ABL2] Time index 3: best weight = early_emphasis_moderate
2025-03-26 06:13:42,684 - estimation - WARNING - Fit failed with residual: `sigma` has incorrect shape.
2025-03-26 06:13:43,653 - estimation - INFO - [ABL2] Time index 4: best weight = early_emphasis_moderate
2025-03-26 06:13:44,348 - estimation - WARNING - Fit failed with residual: `sigma` has incorrect shape.
2025-03-26 06:13:45,717 - estimation - INFO - [ABL2] Time index 5: best weight = early_emphasis_moderate
2025-03-26 06:13:46,128 - estimation - WARNING - Fit failed with residual: `sigma` has incorrect shape.
2025-03-26 06:13:48,421 - estimation - INFO - [ABL2] Time index 6: best weight = early_emphasis_moderate
2025-03-26 06:13:48,778 - estimation - WARNING - Fit failed with residual: `sigma` has incorrect shape.
2025-03-26 06:13:50,483 - estimation - INFO - [ABL2] Time index 7: best weight = residual
2025-03-26 06:13:50,944 - estimation - WARNING - Fit failed with residual: `sigma` has incorrect shape.
2025-03-26 06:13:52,267 - estimation - INFO - [ABL2] Time index 8: best weight = early_emphasis_moderate
2025-03-26 06:13:52,923 - estimation - WARNING - Fit failed with residual: `sigma` has incorrect shape.
2025-03-26 06:13:54,892 - estimation - INFO - [ABL2] Time index 9: best weight = residual
2025-03-26 06:13:55,568 - estimation - WARNING - Fit failed with residual: `sigma` has incorrect shape.
2025-03-26 06:13:57,434 - estimation - INFO - [ABL2] Time index 10: best weight = residual
2025-03-26 06:13:57,782 - estimation - WARNING - Fit failed with residual: `sigma` has incorrect shape.
2025-03-26 06:13:59,510 - estimation - INFO - [ABL2] Time index 11: best weight = residual
2025-03-26 06:13:59,923 - estimation - WARNING - Fit failed with residual: `sigma` has incorrect shape.
2025-03-26 06:14:01,933 - estimation - INFO - [ABL2] Time index 12: best weight = residual
2025-03-26 06:14:02,213 - estimation - WARNING - Fit failed with residual: `sigma` has incorrect shape.
2025-03-26 06:14:04,177 - estimation - INFO - [ABL2] Time index 13: best weight = residual
2025-03-26 06:14:04,631 - estimation - WARNING - Fit failed with residual: `sigma` has incorrect shape.
2025-03-26 06:14:06,429 - estimation - INFO - [ABL2] Time index 14: best weight = residual
2025-03-26 06:14:11,216 - core - INFO - ABL2 → MSE: 0.1703, MAE: 0.2973
2025-03-26 06:18:14,926 - __main__ - INFO - Parsed arguments and loaded configuration.
2025-03-26 06:18:14,926 - __main__ - INFO - Ensured output directory exists at: distributive_profiles
2025-03-26 06:18:15,029 - __main__ - INFO - Loaded measurement data with 1 genes.
2025-03-26 06:18:15,973 - estimation - INFO - [ABL2] Time index 1: best weight = inverse_data
2025-03-26 06:18:17,214 - estimation - INFO - [ABL2] Time index 2: best weight = early_emphasis_moderate
2025-03-26 06:18:18,015 - estimation - INFO - [ABL2] Time index 3: best weight = early_emphasis_moderate
2025-03-26 06:18:19,232 - estimation - INFO - [ABL2] Time index 4: best weight = early_emphasis_moderate
2025-03-26 06:18:21,303 - estimation - INFO - [ABL2] Time index 5: best weight = early_emphasis_moderate
2025-03-26 06:18:24,094 - estimation - INFO - [ABL2] Time index 6: best weight = early_emphasis_moderate
2025-03-26 06:18:26,153 - estimation - INFO - [ABL2] Time index 7: best weight = early_emphasis_moderate
2025-03-26 06:18:27,952 - estimation - INFO - [ABL2] Time index 8: best weight = early_emphasis_moderate
2025-03-26 06:18:30,662 - estimation - INFO - [ABL2] Time index 9: best weight = early_emphasis_moderate
2025-03-26 06:18:33,290 - estimation - INFO - [ABL2] Time index 10: best weight = log_scale
2025-03-26 06:18:35,459 - estimation - INFO - [ABL2] Time index 11: best weight = exp_decay
2025-03-26 06:18:37,919 - estimation - INFO - [ABL2] Time index 12: best weight = early_emphasis_moderate
2025-03-26 06:18:40,091 - estimation - INFO - [ABL2] Time index 13: best weight = early_emphasis_moderate
2025-03-26 06:18:42,382 - estimation - INFO - [ABL2] Time index 14: best weight = early_emphasis_moderate
2025-03-26 06:18:47,136 - core - INFO - ABL2 → MSE: 0.1703, MAE: 0.2973
2025-03-26 06:18:47,192 - __main__ - INFO - All results saved successfully.
2025-03-26 06:23:17,748 - __main__ - INFO - Parsed arguments and loaded configuration.
2025-03-26 06:23:17,748 - __main__ - INFO - Ensured output directory exists at: distributive_profiles
2025-03-26 06:23:17,851 - __main__ - INFO - Loaded measurement data with 1 genes.
2025-03-26 06:23:18,808 - estimation - INFO - [ABL2] Time index 1: best weight = inverse_data
2025-03-26 06:23:19,843 - estimation - INFO - [ABL2] Time index 2: best weight = early_emphasis_moderate
2025-03-26 06:23:20,348 - estimation - INFO - [ABL2] Time index 3: best weight = early_emphasis_moderate
2025-03-26 06:23:20,931 - estimation - INFO - [ABL2] Time index 4: best weight = early_emphasis_moderate
2025-03-26 06:23:21,740 - estimation - INFO - [ABL2] Time index 5: best weight = early_emphasis_moderate
2025-03-26 06:23:23,340 - estimation - INFO - [ABL2] Time index 6: best weight = early_emphasis_moderate
2025-03-26 06:23:25,284 - estimation - INFO - [ABL2] Time index 7: best weight = early_emphasis_moderate
2025-03-26 06:23:27,118 - estimation - INFO - [ABL2] Time index 8: best weight = early_emphasis_moderate
2025-03-26 06:23:28,954 - estimation - INFO - [ABL2] Time index 9: best weight = early_emphasis_moderate
2025-03-26 06:23:32,452 - estimation - INFO - [ABL2] Time index 10: best weight = early_emphasis_moderate
2025-03-26 06:23:34,712 - estimation - INFO - [ABL2] Time index 11: best weight = inverse_data
2025-03-26 06:23:37,040 - estimation - INFO - [ABL2] Time index 12: best weight = early_emphasis_moderate
2025-03-26 06:23:39,796 - estimation - INFO - [ABL2] Time index 13: best weight = custom_early_points_emphasis
2025-03-26 06:23:42,200 - estimation - INFO - [ABL2] Time index 14: best weight = early_emphasis_moderate
2025-03-26 06:23:46,792 - core - INFO - ABL2 → MSE: 0.2799, MAE: 0.3842
2025-03-26 06:23:46,845 - __main__ - INFO - All results saved successfully.
